SF:lib\data\models\movie_model.dart
DA:5,4
DA:35,4
DA:36,2
DA:37,2
DA:38,8
DA:39,2
DA:40,2
DA:41,2
DA:42,4
DA:43,2
DA:44,2
DA:45,2
DA:46,2
DA:47,4
DA:48,2
DA:51,2
DA:52,1
DA:53,1
DA:54,4
DA:55,1
DA:56,1
DA:57,1
DA:58,1
DA:59,1
DA:60,1
DA:61,1
DA:62,1
DA:63,1
DA:64,1
DA:67,2
DA:68,2
DA:69,2
DA:70,2
DA:71,2
DA:72,2
DA:73,2
DA:74,2
DA:75,2
DA:76,2
DA:77,2
DA:78,2
DA:79,2
DA:80,2
DA:81,2
DA:85,2
DA:86,2
DA:87,2
DA:88,2
DA:89,2
DA:90,2
DA:91,2
DA:92,2
DA:93,2
DA:94,2
DA:95,2
DA:96,2
DA:97,2
DA:98,2
DA:99,2
LF:59
LH:59
end_of_record
SF:lib\domain\entities\movie.dart
DA:4,10
DA:20,1
DA:41,7
DA:42,7
DA:43,7
DA:44,7
DA:45,7
DA:46,7
DA:47,7
DA:48,7
DA:49,7
DA:50,7
DA:51,7
DA:52,7
DA:53,7
DA:54,7
DA:55,7
LF:17
LH:17
end_of_record
SF:lib\common\exception.dart
DA:6,4
LF:1
LH:1
end_of_record
SF:lib\common\failure.dart
DA:6,16
DA:8,2
DA:9,4
DA:13,32
DA:17,4
DA:21,8
DA:25,0
LF:7
LH:6
end_of_record
SF:lib\data\datasources\db\database_helper.dart
DA:8,0
DA:12,0
DA:16,0
DA:18,0
DA:26,0
DA:27,0
DA:28,0
DA:30,0
DA:34,0
DA:35,0
DA:43,0
DA:44,0
DA:52,0
DA:55,0
DA:56,0
DA:57,0
DA:60,0
DA:61,0
DA:62,0
DA:65,0
DA:69,0
DA:70,0
DA:71,0
DA:74,0
DA:77,0
DA:78,0
DA:84,0
DA:85,0
DA:86,0
DA:90,0
DA:91,0
DA:92,0
DA:95,0
DA:96,0
DA:97,0
DA:100,0
DA:104,0
DA:105,0
DA:106,0
DA:109,0
DA:112,0
DA:113,0
DA:119,0
DA:120,0
DA:122,0
LF:45
LH:0
end_of_record
SF:lib\data\models\movie_table.dart
DA:11,2
DA:18,2
DA:19,1
DA:20,1
DA:21,1
DA:22,1
DA:25,2
DA:26,1
DA:27,1
DA:28,1
DA:29,1
DA:32,0
DA:33,0
DA:34,0
DA:35,0
DA:36,0
DA:39,2
DA:40,1
DA:41,1
DA:42,1
DA:43,1
DA:46,2
DA:48,10
LF:23
LH:18
end_of_record
SF:lib\data\models\tv_series_table.dart
DA:11,2
DA:18,4
DA:19,2
DA:20,2
DA:21,2
DA:22,2
DA:25,2
DA:26,1
DA:27,1
DA:28,1
DA:29,1
DA:32,2
DA:33,1
DA:34,1
DA:35,1
DA:36,1
DA:39,2
DA:40,1
DA:41,1
DA:42,1
DA:43,1
DA:46,2
DA:47,2
DA:48,2
DA:49,2
DA:50,2
DA:51,2
LF:27
LH:27
end_of_record
SF:lib\data\datasources\movie_local_data_source.dart
DA:15,1
DA:18,1
DA:20,3
DA:23,2
DA:28,1
DA:30,3
DA:33,2
DA:38,1
DA:39,3
DA:41,1
DA:48,1
DA:49,3
DA:50,4
LF:13
LH:13
end_of_record
SF:lib\data\datasources\movie_remote_data_source.dart
DA:24,1
DA:27,1
DA:29,5
DA:31,2
DA:32,4
DA:34,1
DA:39,1
DA:41,5
DA:43,2
DA:44,3
DA:46,1
DA:51,1
DA:52,2
DA:53,3
DA:55,2
DA:56,4
DA:58,1
DA:63,1
DA:65,5
DA:67,2
DA:68,4
DA:70,1
DA:75,1
DA:77,5
DA:79,2
DA:80,4
DA:82,1
DA:87,1
DA:88,2
DA:89,3
DA:91,2
DA:92,4
DA:94,1
LF:33
LH:33
end_of_record
SF:lib\data\models\movie_detail_model.dart
DA:6,2
DA:52,1
DA:53,1
DA:54,1
DA:55,1
DA:56,1
DA:57,1
DA:58,4
DA:59,1
DA:60,1
DA:61,1
DA:62,1
DA:63,1
DA:64,1
DA:65,2
DA:66,1
DA:67,1
DA:68,1
DA:69,1
DA:70,1
DA:71,1
DA:72,1
DA:73,1
DA:74,2
DA:75,1
DA:78,0
DA:79,0
DA:80,0
DA:81,0
DA:82,0
DA:83,0
DA:84,0
DA:85,0
DA:86,0
DA:87,0
DA:88,0
DA:89,0
DA:90,0
DA:91,0
DA:92,0
DA:93,0
DA:94,0
DA:95,0
DA:96,0
DA:97,0
DA:98,0
DA:99,0
DA:102,1
DA:103,1
DA:104,1
DA:105,1
DA:106,5
DA:107,1
DA:108,1
DA:109,1
DA:110,1
DA:111,1
DA:112,1
DA:113,1
DA:114,1
DA:115,1
DA:119,1
DA:121,1
DA:122,1
DA:123,1
DA:124,1
DA:125,1
DA:126,1
DA:127,1
DA:128,1
DA:129,1
DA:130,1
DA:131,1
DA:132,1
DA:133,1
DA:134,1
DA:135,1
DA:136,1
DA:137,1
DA:138,1
DA:139,1
DA:140,1
DA:141,1
DA:142,1
LF:84
LH:62
end_of_record
SF:lib\data\models\movie_response.dart
DA:7,2
DA:9,4
DA:10,4
DA:11,6
DA:12,6
DA:15,2
DA:16,5
DA:19,1
DA:20,2
LF:9
LH:9
end_of_record
SF:lib\data\models\genre_model.dart
DA:5,8
DA:13,4
DA:14,2
DA:15,2
DA:18,0
DA:19,0
DA:20,0
DA:23,6
DA:24,18
DA:27,2
DA:28,6
LF:11
LH:8
end_of_record
SF:lib\domain\entities\genre.dart
DA:4,12
DA:12,3
DA:13,9
LF:3
LH:3
end_of_record
SF:lib\domain\entities\movie_detail.dart
DA:5,7
DA:33,2
DA:34,2
DA:35,2
DA:36,2
DA:37,2
DA:38,2
DA:39,2
DA:40,2
DA:41,2
DA:42,2
DA:43,2
DA:44,2
DA:45,2
LF:14
LH:14
end_of_record
SF:lib\domain\entities\tv_series.dart
DA:5,10
DA:21,1
DA:51,7
DA:52,7
DA:53,7
DA:54,7
DA:55,7
DA:56,7
DA:57,7
DA:58,7
DA:59,7
DA:60,7
DA:61,7
DA:62,7
DA:63,7
DA:64,7
LF:16
LH:16
end_of_record
SF:lib\domain\entities\tv_series_detail.dart
DA:6,8
DA:36,1
DA:37,1
DA:38,1
DA:39,1
DA:40,1
DA:41,1
DA:42,1
DA:43,1
DA:44,1
DA:45,1
DA:46,1
DA:47,1
DA:48,1
DA:49,1
DA:50,1
LF:16
LH:16
end_of_record
SF:lib\domain\entities\tv_series_season.dart
DA:4,5
DA:18,1
DA:19,6
LF:3
LH:3
end_of_record
SF:lib\data\datasources\tv_series_local_data_source.dart
DA:15,1
DA:18,1
DA:20,3
DA:23,2
DA:28,1
DA:30,3
DA:33,2
DA:38,1
DA:39,3
DA:41,1
DA:48,1
DA:49,3
DA:50,4
LF:13
LH:13
end_of_record
SF:lib\data\models\tv_series_detail_model.dart
DA:7,9
DA:51,1
DA:52,1
DA:53,1
DA:54,1
DA:55,1
DA:56,1
DA:57,4
DA:58,1
DA:59,4
DA:60,1
DA:61,1
DA:62,1
DA:63,1
DA:64,1
DA:65,1
DA:66,2
DA:67,1
DA:68,1
DA:69,4
DA:70,1
DA:71,1
DA:72,1
DA:73,2
DA:74,1
DA:77,0
DA:78,0
DA:79,0
DA:80,0
DA:81,0
DA:82,0
DA:83,0
DA:84,0
DA:85,0
DA:86,0
DA:87,0
DA:88,0
DA:89,0
DA:90,0
DA:91,0
DA:92,0
DA:93,0
DA:94,0
DA:95,0
DA:96,0
DA:97,0
DA:100,8
DA:101,8
DA:102,8
DA:103,8
DA:104,8
DA:105,8
DA:106,8
DA:107,34
DA:108,8
DA:109,8
DA:110,8
DA:111,8
DA:112,34
DA:113,8
DA:114,8
DA:118,1
DA:119,1
DA:120,1
DA:121,1
DA:122,1
DA:123,1
DA:124,1
DA:125,1
DA:126,1
DA:127,1
DA:128,1
DA:129,1
DA:130,1
DA:131,1
DA:132,1
DA:133,1
DA:134,1
DA:135,1
DA:136,1
DA:137,1
DA:138,1
DA:139,1
LF:83
LH:62
end_of_record
SF:lib\data\models\tv_series_model.dart
DA:5,12
DA:35,4
DA:36,2
DA:37,2
DA:38,2
DA:39,2
DA:40,8
DA:41,8
DA:42,2
DA:43,2
DA:44,2
DA:45,4
DA:46,2
DA:47,4
DA:48,2
DA:51,2
DA:52,2
DA:53,1
DA:54,4
DA:55,1
DA:56,1
DA:57,4
DA:58,1
DA:59,1
DA:60,1
DA:61,1
DA:62,1
DA:63,1
DA:64,1
DA:67,10
DA:68,10
DA:69,10
DA:70,10
DA:71,10
DA:72,10
DA:73,10
DA:74,10
DA:75,10
DA:76,10
DA:77,10
DA:78,10
DA:79,10
DA:80,10
DA:81,10
DA:85,2
DA:86,2
DA:87,2
DA:88,2
DA:89,2
DA:90,2
DA:91,2
DA:92,2
DA:93,2
DA:94,2
DA:95,2
DA:96,2
DA:97,2
DA:98,2
LF:58
LH:58
end_of_record
SF:lib\data\models\tv_series_response.dart
DA:7,2
DA:9,2
DA:10,2
DA:11,4
DA:12,6
DA:13,6
DA:16,2
DA:17,5
DA:20,1
DA:21,2
LF:10
LH:10
end_of_record
SF:lib\data\models\tv_series_season_model.dart
DA:13,6
DA:23,1
DA:24,1
DA:25,1
DA:26,1
DA:27,1
DA:28,1
DA:29,1
DA:30,1
DA:31,1
DA:34,0
DA:35,0
DA:36,0
DA:37,0
DA:38,0
DA:39,0
DA:40,0
DA:41,0
DA:44,10
DA:45,5
DA:46,5
DA:47,5
DA:48,5
DA:49,5
DA:52,1
DA:53,1
DA:54,1
DA:55,1
DA:56,1
DA:57,1
DA:58,1
DA:59,1
DA:60,1
LF:33
LH:25
end_of_record
SF:lib\data\datasources\tv_series_remote_data_source.dart
DA:23,1
DA:26,1
DA:28,5
DA:30,2
DA:31,4
DA:33,1
DA:38,1
DA:39,5
DA:41,2
DA:42,3
DA:44,1
DA:49,1
DA:50,2
DA:51,3
DA:53,2
DA:54,4
DA:56,1
DA:61,1
DA:63,5
DA:64,2
DA:65,4
DA:67,1
DA:72,1
DA:74,5
DA:76,2
DA:77,4
DA:79,1
DA:84,1
DA:85,2
DA:86,3
DA:88,2
DA:89,4
DA:91,1
LF:33
LH:33
end_of_record
SF:lib\data\repositories\movie_repository_impl.dart
DA:17,1
DA:23,1
DA:25,3
DA:26,5
DA:27,1
DA:28,2
DA:29,1
DA:30,2
DA:31,0
DA:32,0
DA:37,1
DA:39,3
DA:40,2
DA:41,1
DA:42,2
DA:43,1
DA:44,2
DA:45,0
DA:46,0
DA:51,1
DA:53,3
DA:54,3
DA:55,1
DA:56,2
DA:57,1
DA:58,2
DA:59,0
DA:60,0
DA:65,1
DA:67,3
DA:68,5
DA:69,1
DA:70,2
DA:71,1
DA:72,2
DA:73,0
DA:74,0
DA:79,1
DA:81,3
DA:82,5
DA:83,1
DA:84,2
DA:85,1
DA:86,2
DA:87,0
DA:88,0
DA:93,1
DA:95,3
DA:96,5
DA:97,1
DA:98,2
DA:99,1
DA:100,2
DA:101,0
DA:102,0
DA:107,1
DA:110,4
DA:111,1
DA:112,1
DA:113,3
DA:120,1
DA:123,4
DA:124,1
DA:125,1
DA:126,3
DA:131,1
DA:132,3
DA:137,1
DA:138,3
DA:139,5
LF:70
LH:58
end_of_record
SF:lib\data\repositories\tv_series_repository_impl.dart
DA:16,1
DA:22,1
DA:24,3
DA:25,5
DA:26,1
DA:27,2
DA:28,1
DA:29,2
DA:30,0
DA:31,0
DA:36,0
DA:38,0
DA:39,0
DA:40,0
DA:41,0
DA:42,0
DA:43,0
DA:44,0
DA:45,0
DA:50,1
DA:53,3
DA:54,3
DA:55,1
DA:56,2
DA:57,1
DA:58,2
DA:59,0
DA:60,0
DA:65,1
DA:67,3
DA:68,5
DA:69,1
DA:70,2
DA:71,1
DA:72,2
DA:73,0
DA:74,0
DA:79,1
DA:81,3
DA:82,5
DA:83,1
DA:84,2
DA:85,1
DA:86,2
DA:87,0
DA:88,0
DA:93,1
DA:95,3
DA:96,5
DA:97,1
DA:98,2
DA:99,1
DA:100,2
DA:101,0
DA:102,0
DA:107,1
DA:110,2
DA:111,2
DA:112,1
DA:113,1
DA:114,3
DA:121,1
DA:124,2
DA:125,2
DA:126,1
DA:127,1
DA:128,3
DA:133,1
DA:134,3
DA:139,1
DA:140,3
DA:141,5
LF:72
LH:53
end_of_record
SF:lib\domain\usecases\get_movie_detail.dart
DA:9,1
DA:11,1
DA:12,2
LF:3
LH:3
end_of_record
SF:lib\domain\usecases\get_movie_recommendations.dart
DA:9,1
DA:11,1
DA:12,2
LF:3
LH:3
end_of_record
SF:lib\domain\usecases\get_now_playing_movies.dart
DA:9,1
DA:11,1
DA:12,2
LF:3
LH:3
end_of_record
SF:lib\domain\usecases\get_now_playing_tv_series.dart
DA:9,1
DA:11,1
DA:12,2
LF:3
LH:3
end_of_record
SF:lib\domain\usecases\get_popular_movies.dart
DA:9,1
DA:11,1
DA:12,2
LF:3
LH:3
end_of_record
SF:lib\domain\usecases\get_popular_tv_series.dart
DA:9,1
DA:11,1
DA:12,2
LF:3
LH:3
end_of_record
SF:lib\domain\usecases\get_top_rated_movies.dart
DA:9,1
DA:11,1
DA:12,2
LF:3
LH:3
end_of_record
SF:lib\domain\usecases\get_top_rated_tv_series.dart
DA:9,1
DA:11,1
DA:12,2
LF:3
LH:3
end_of_record
SF:lib\domain\usecases\get_tv_series_detail.dart
DA:9,1
DA:11,1
DA:12,2
LF:3
LH:3
end_of_record
SF:lib\domain\usecases\get_tv_series_recommendations.dart
DA:9,1
DA:11,1
DA:12,2
LF:3
LH:3
end_of_record
SF:lib\domain\usecases\get_watchlist_movies.dart
DA:9,1
DA:11,1
DA:12,2
LF:3
LH:3
end_of_record
SF:lib\domain\usecases\get_watchlist_status.dart
DA:6,1
DA:8,1
DA:9,2
LF:3
LH:3
end_of_record
SF:lib\domain\usecases\get_tv_series_watchlist_status.dart
DA:6,1
DA:8,1
DA:9,2
LF:3
LH:3
end_of_record
SF:lib\domain\usecases\get_watchlist_tv_series.dart
DA:9,1
DA:11,1
DA:12,2
LF:3
LH:3
end_of_record
SF:lib\domain\usecases\remove_watchlist.dart
DA:9,1
DA:11,1
DA:12,2
LF:3
LH:3
end_of_record
SF:lib\domain\usecases\remove_watchlist_tv_series.dart
DA:9,1
DA:11,1
DA:12,2
LF:3
LH:3
end_of_record
SF:lib\domain\usecases\save_watchlist.dart
DA:9,1
DA:11,1
DA:12,2
LF:3
LH:3
end_of_record
SF:lib\domain\usecases\save_watchlist_tv_series.dart
DA:9,1
DA:11,1
DA:12,2
LF:3
LH:3
end_of_record
SF:lib\domain\usecases\search_movies.dart
DA:9,1
DA:11,1
DA:12,2
LF:3
LH:3
end_of_record
SF:lib\domain\usecases\search_tv_series.dart
DA:9,1
DA:11,1
DA:12,2
LF:3
LH:3
end_of_record
SF:lib\presentation\bloc\movie\movie_detail_state.dart
DA:4,2
DA:6,0
DA:7,0
DA:11,1
DA:12,1
DA:16,1
DA:17,1
DA:23,1
DA:25,1
DA:26,2
DA:32,2
DA:34,1
DA:35,2
LF:13
LH:11
end_of_record
SF:lib\presentation\bloc\movie\movie_detail_event.dart
DA:4,2
DA:10,2
DA:12,1
DA:13,1
LF:4
LH:4
end_of_record
SF:lib\presentation\bloc\movie\movie_detail_bloc.dart
DA:11,3
DA:12,2
DA:13,1
DA:15,2
DA:17,3
DA:19,2
DA:20,3
DA:21,1
DA:22,2
LF:9
LH:9
end_of_record
SF:lib\presentation\bloc\movie\movie_recommendations_bloc.dart
DA:12,1
DA:13,2
DA:14,2
DA:15,1
DA:17,2
DA:19,3
DA:21,2
DA:22,3
DA:23,1
DA:24,2
LF:10
LH:10
end_of_record
SF:lib\presentation\bloc\movie\movie_recommendations_state.dart
DA:4,2
DA:6,0
DA:7,0
DA:11,1
DA:12,1
DA:17,1
DA:19,1
DA:20,2
DA:24,1
DA:25,1
DA:31,2
DA:33,1
DA:34,2
LF:13
LH:11
end_of_record
SF:lib\presentation\bloc\movie\movie_recommendations_event.dart
DA:4,2
DA:10,2
DA:12,1
DA:13,1
LF:4
LH:4
end_of_record
SF:lib\presentation\bloc\movie\now_playing_movie_state.dart
DA:4,1
DA:6,1
DA:7,1
DA:11,1
DA:12,1
DA:16,1
DA:17,1
DA:23,1
DA:29,1
DA:31,1
DA:32,1
LF:11
LH:11
end_of_record
SF:lib\presentation\bloc\movie\now_playing_movie_event.dart
DA:4,1
DA:8,1
DA:9,1
LF:3
LH:3
end_of_record
SF:lib\presentation\bloc\movie\now_playing_movie_bloc.dart
DA:12,1
DA:13,2
DA:14,2
DA:15,2
DA:17,3
DA:19,2
DA:20,3
DA:21,1
DA:22,1
DA:23,0
DA:25,2
LF:11
LH:10
end_of_record
SF:lib\presentation\bloc\movie\popular_movie_state.dart
DA:4,2
DA:6,0
DA:7,0
DA:11,1
DA:12,1
DA:16,1
DA:17,1
DA:23,2
DA:25,1
DA:26,2
DA:32,1
DA:34,1
DA:35,2
LF:13
LH:11
end_of_record
SF:lib\presentation\bloc\movie\popular_movie_event.dart
DA:4,2
DA:8,1
DA:9,1
LF:3
LH:3
end_of_record
SF:lib\presentation\bloc\movie\popular_movie_bloc.dart
DA:11,3
DA:12,2
DA:13,2
DA:15,3
DA:17,2
DA:18,3
DA:19,1
DA:20,1
DA:21,0
DA:23,2
LF:10
LH:9
end_of_record
SF:lib\presentation\bloc\movie\search_movie_state.dart
DA:4,1
DA:6,1
DA:7,1
DA:17,1
DA:19,1
DA:20,2
DA:26,1
DA:28,1
DA:29,2
LF:9
LH:9
end_of_record
SF:lib\presentation\bloc\movie\search_movie_event.dart
DA:4,1
DA:6,0
DA:7,0
DA:13,1
DA:15,0
DA:16,0
LF:6
LH:2
end_of_record
SF:lib\presentation\bloc\movie\search_movie_bloc.dart
DA:13,3
DA:14,1
DA:15,3
DA:18,2
DA:19,1
DA:21,2
DA:22,3
DA:24,1
DA:25,1
DA:26,3
DA:28,1
DA:29,2
DA:32,1
LF:13
LH:13
end_of_record
SF:lib\presentation\bloc\movie\top_rated_movie_state.dart
DA:4,2
DA:6,0
DA:7,0
DA:11,1
DA:12,1
DA:16,1
DA:17,1
DA:23,2
DA:25,1
DA:26,2
DA:32,1
DA:34,1
DA:35,2
LF:13
LH:11
end_of_record
SF:lib\presentation\bloc\movie\top_rated_movie_bloc.dart
DA:11,3
DA:12,2
DA:13,2
DA:14,3
DA:16,2
DA:17,3
DA:18,1
DA:19,1
DA:20,0
DA:22,2
LF:10
LH:9
end_of_record
SF:lib\presentation\bloc\movie\top_rated_movie_event.dart
DA:4,2
DA:8,1
DA:9,1
LF:3
LH:3
end_of_record
SF:lib\presentation\bloc\movie\watchlist_movie_state.dart
DA:4,3
DA:6,1
DA:7,1
DA:11,1
DA:12,1
DA:16,1
DA:17,1
DA:22,2
DA:24,1
DA:25,2
DA:31,1
DA:33,1
DA:34,2
DA:40,2
DA:46,1
DA:48,1
DA:49,2
LF:17
LH:17
end_of_record
SF:lib\presentation\bloc\movie\watchlist_movie_bloc.dart
DA:19,1
DA:24,2
DA:25,2
DA:26,2
DA:28,3
DA:30,2
DA:31,3
DA:32,1
DA:33,1
DA:34,0
DA:36,2
DA:41,2
DA:42,1
DA:44,3
DA:46,2
DA:49,2
DA:50,2
DA:52,1
DA:54,3
DA:56,2
DA:57,3
DA:58,1
DA:59,2
DA:63,2
DA:64,1
DA:66,3
DA:68,2
DA:69,3
DA:70,1
DA:71,2
LF:30
LH:29
end_of_record
SF:lib\presentation\bloc\movie\watchlist_movie_event.dart
DA:4,3
DA:8,1
DA:9,1
DA:15,2
DA:17,1
DA:18,2
DA:24,2
DA:26,1
DA:27,2
DA:33,1
DA:35,1
DA:36,2
LF:12
LH:12
end_of_record
SF:lib\presentation\bloc\tv\now_playing_tv_series_state.dart
DA:4,1
DA:6,1
DA:7,1
DA:11,1
DA:12,1
DA:16,1
DA:17,1
DA:23,1
DA:29,1
DA:31,1
DA:32,1
LF:11
LH:11
end_of_record
SF:lib\presentation\bloc\tv\now_playing_tv_series_event.dart
DA:4,1
DA:8,1
DA:9,1
LF:3
LH:3
end_of_record
SF:lib\presentation\bloc\tv\now_playing_tv_series_bloc.dart
DA:12,1
DA:13,2
DA:14,2
DA:15,2
DA:17,3
DA:19,2
DA:20,3
DA:21,1
DA:22,1
DA:23,0
DA:25,2
LF:11
LH:10
end_of_record
SF:lib\presentation\bloc\tv\popular_tv_series_state.dart
DA:4,2
DA:6,0
DA:7,0
DA:11,1
DA:12,1
DA:16,1
DA:17,1
DA:23,2
DA:25,1
DA:26,2
DA:32,1
DA:34,1
DA:35,2
LF:13
LH:11
end_of_record
SF:lib\presentation\bloc\tv\popular_tv_series_bloc.dart
DA:12,1
DA:13,2
DA:14,2
DA:15,2
DA:17,3
DA:19,2
DA:20,3
DA:21,1
DA:22,1
DA:23,0
DA:25,2
LF:11
LH:10
end_of_record
SF:lib\presentation\bloc\tv\popular_tv_series_event.dart
DA:4,2
DA:8,1
DA:9,1
LF:3
LH:3
end_of_record
SF:lib\presentation\bloc\tv\search_tv_series_event.dart
DA:4,1
DA:6,0
DA:7,0
DA:13,1
DA:15,0
DA:16,0
LF:6
LH:2
end_of_record
SF:lib\presentation\bloc\tv\search_tv_series_state.dart
DA:4,1
DA:6,1
DA:7,1
DA:17,1
DA:19,1
DA:20,2
DA:26,1
DA:28,1
DA:29,2
LF:9
LH:9
end_of_record
SF:lib\presentation\bloc\tv\search_tv_series_bloc.dart
DA:14,3
DA:15,1
DA:16,3
DA:19,2
DA:20,1
DA:22,2
DA:23,3
DA:25,1
DA:26,1
DA:27,3
DA:29,1
DA:30,2
DA:33,1
LF:13
LH:13
end_of_record
SF:lib\presentation\bloc\tv\top_rated_tv_series_state.dart
DA:4,2
DA:6,0
DA:7,0
DA:11,1
DA:12,1
DA:16,1
DA:17,1
DA:23,2
DA:25,1
DA:26,2
DA:32,1
DA:34,1
DA:35,2
LF:13
LH:11
end_of_record
SF:lib\presentation\bloc\tv\top_rated_tv_series_event.dart
DA:4,2
DA:8,1
DA:9,1
LF:3
LH:3
end_of_record
SF:lib\presentation\bloc\tv\top_rated_tv_series_bloc.dart
DA:12,1
DA:13,2
DA:14,2
DA:15,2
DA:16,3
DA:18,2
DA:19,3
DA:20,1
DA:21,1
DA:22,0
DA:24,2
LF:11
LH:10
end_of_record
SF:lib\presentation\bloc\tv\tv_series_detail_bloc.dart
DA:12,3
DA:13,2
DA:14,1
DA:16,2
DA:18,3
DA:20,2
DA:21,3
DA:22,1
DA:23,2
LF:9
LH:9
end_of_record
SF:lib\presentation\bloc\tv\tv_series_detail_state.dart
DA:4,2
DA:6,0
DA:7,0
DA:11,1
DA:12,1
DA:16,1
DA:17,1
DA:23,1
DA:25,1
DA:26,2
DA:32,2
DA:34,1
DA:35,2
LF:13
LH:11
end_of_record
SF:lib\presentation\bloc\tv\tv_series_detail_event.dart
DA:4,2
DA:10,2
DA:12,1
DA:13,1
LF:4
LH:4
end_of_record
SF:lib\presentation\bloc\tv\tv_series_recommendations_state.dart
DA:4,2
DA:6,0
DA:7,0
DA:11,1
DA:12,1
DA:17,1
DA:19,1
DA:20,2
DA:24,1
DA:25,1
DA:31,2
DA:33,1
DA:34,2
LF:13
LH:11
end_of_record
SF:lib\presentation\bloc\tv\tv_series_recommendations_event.dart
DA:4,2
DA:10,2
DA:12,1
DA:13,1
LF:4
LH:4
end_of_record
SF:lib\presentation\bloc\tv\tv_series_recommendations_bloc.dart
DA:12,1
DA:13,2
DA:14,2
DA:15,1
DA:17,2
DA:19,3
DA:21,2
DA:22,3
DA:23,1
DA:24,2
LF:10
LH:10
end_of_record
SF:lib\presentation\bloc\tv\watchlist_tv_series_event.dart
DA:4,3
DA:8,1
DA:9,1
DA:15,2
DA:17,1
DA:18,2
DA:24,1
DA:26,1
DA:27,2
DA:33,1
DA:35,1
DA:36,2
LF:12
LH:12
end_of_record
SF:lib\presentation\bloc\tv\watchlist_tv_series_state.dart
DA:4,3
DA:6,1
DA:7,1
DA:11,1
DA:12,1
DA:16,1
DA:17,1
DA:22,2
DA:24,1
DA:25,2
DA:31,2
DA:33,1
DA:34,2
DA:40,2
DA:46,1
DA:48,1
DA:49,2
LF:17
LH:17
end_of_record
SF:lib\presentation\bloc\tv\watchlist_tv_series_bloc.dart
DA:19,1
DA:24,2
DA:25,2
DA:26,2
DA:28,3
DA:30,2
DA:31,3
DA:32,1
DA:33,1
DA:34,0
DA:36,2
DA:41,2
DA:42,1
DA:44,3
DA:46,2
DA:49,2
DA:50,2
DA:52,1
DA:54,3
DA:56,2
DA:57,3
DA:58,1
DA:59,2
DA:63,2
DA:64,1
DA:66,3
DA:68,2
DA:69,3
DA:70,1
DA:71,2
LF:30
LH:29
end_of_record
SF:lib\presentation\pages\movie_detail_page.dart
DA:16,1
DA:18,1
DA:19,1
DA:23,1
DA:25,1
DA:26,2
DA:27,6
DA:28,1
DA:29,1
DA:30,4
DA:31,6
DA:35,1
DA:37,2
DA:38,2
DA:39,2
DA:44,1
DA:45,1
DA:46,1
DA:47,1
DA:48,1
DA:49,1
DA:51,1
DA:52,1
DA:53,1
DA:54,1
DA:59,0
DA:60,0
DA:62,0
DA:74,1
DA:76,1
DA:77,1
DA:81,1
DA:83,3
DA:84,1
DA:85,1
DA:86,1
DA:87,4
DA:89,2
DA:90,1
DA:92,0
DA:94,1
DA:96,1
DA:97,1
DA:98,1
DA:99,1
DA:101,2
DA:108,1
DA:109,1
DA:110,1
DA:112,1
DA:114,1
DA:116,1
DA:117,1
DA:118,3
DA:119,1
DA:121,1
DA:122,1
DA:123,2
DA:125,1
DA:126,4
DA:129,0
DA:130,0
DA:134,1
DA:135,1
DA:142,1
DA:143,1
DA:144,1
DA:150,0
DA:157,1
DA:158,0
DA:159,2
DA:160,2
DA:162,0
DA:164,0
DA:165,0
DA:166,0
DA:171,2
DA:172,2
DA:173,2
DA:176,1
DA:178,1
DA:179,2
DA:180,1
DA:181,1
DA:182,1
DA:186,1
DA:187,4
DA:189,1
DA:190,4
DA:192,1
DA:193,1
DA:194,1
DA:195,4
DA:197,2
DA:203,5
DA:206,1
DA:207,1
DA:209,1
DA:211,1
DA:212,3
DA:214,1
DA:215,1
DA:217,1
DA:219,1
DA:221,1
DA:222,1
DA:223,0
DA:224,0
DA:226,1
DA:227,0
DA:229,1
DA:230,1
DA:231,1
DA:233,1
DA:235,1
DA:236,1
DA:237,1
DA:239,1
DA:240,0
DA:241,0
DA:244,0
DA:247,1
DA:248,1
DA:249,1
DA:251,1
DA:253,2
DA:254,1
DA:255,1
DA:257,1
DA:260,0
DA:261,0
DA:267,1
DA:271,0
DA:279,1
DA:281,1
DA:296,1
DA:298,1
DA:301,1
DA:302,1
DA:303,0
DA:304,0
DA:313,1
DA:315,2
DA:316,3
DA:319,1
DA:323,3
DA:326,1
DA:327,1
DA:328,1
DA:330,1
DA:331,1
DA:333,0
LF:152
LH:128
end_of_record
SF:lib\common\constants.dart
DA:15,4
DA:16,2
DA:17,6
DA:19,0
DA:21,0
DA:25,0
DA:26,0
DA:27,0
DA:28,0
DA:29,0
LF:10
LH:3
end_of_record
SF:lib\presentation\pages\popular_movies_page.dart
DA:9,1
DA:10,1
DA:14,1
DA:16,1
DA:17,2
DA:18,4
DA:22,1
DA:24,1
DA:25,1
DA:26,1
DA:28,1
DA:30,1
DA:31,1
DA:32,1
DA:33,1
DA:34,1
DA:36,1
DA:37,0
DA:38,0
DA:39,0
DA:40,0
DA:41,0
DA:43,0
DA:45,1
DA:46,1
DA:47,3
DA:49,0
DA:50,0
LF:28
LH:20
end_of_record
SF:lib\presentation\widgets\movie_card_list.dart
DA:10,0
DA:12,0
DA:14,0
DA:16,0
DA:17,0
DA:18,0
DA:21,0
DA:24,0
DA:26,0
DA:27,0
DA:28,0
DA:34,0
DA:36,0
DA:37,0
DA:38,0
DA:41,0
DA:43,0
DA:44,0
DA:45,0
DA:53,0
DA:58,0
DA:59,0
DA:60,0
DA:62,0
DA:63,0
DA:65,0
DA:67,0
LF:27
LH:0
end_of_record
SF:lib\presentation\pages\popular_tv_series_page.dart
DA:9,1
DA:10,1
DA:14,1
DA:16,1
DA:17,2
DA:18,4
DA:22,1
DA:24,1
DA:25,1
DA:26,1
DA:28,1
DA:30,1
DA:31,1
DA:32,1
DA:33,1
DA:34,1
DA:36,1
DA:37,0
DA:38,0
DA:39,0
DA:40,0
DA:41,0
DA:43,0
DA:45,1
DA:46,1
DA:47,3
DA:49,0
DA:50,0
LF:28
LH:20
end_of_record
SF:lib\presentation\widgets\tv_series_card_list.dart
DA:10,0
DA:12,0
DA:14,0
DA:16,0
DA:17,0
DA:18,0
DA:21,0
DA:24,0
DA:26,0
DA:27,0
DA:28,0
DA:34,0
DA:36,0
DA:37,0
DA:38,0
DA:41,0
DA:43,0
DA:44,0
DA:45,0
DA:53,0
DA:58,0
DA:59,0
DA:60,0
DA:62,0
DA:63,0
DA:65,0
DA:67,0
LF:27
LH:0
end_of_record
SF:lib\presentation\pages\tv_series_detail_page.dart
DA:16,1
DA:18,1
DA:19,1
DA:23,1
DA:25,1
DA:26,2
DA:27,1
DA:28,1
DA:29,4
DA:30,1
DA:31,1
DA:32,4
DA:33,6
DA:37,1
DA:40,2
DA:41,2
DA:42,2
DA:46,1
DA:47,1
DA:48,1
DA:49,1
DA:50,1
DA:51,1
DA:53,1
DA:54,1
DA:55,1
DA:56,1
DA:61,0
DA:62,0
DA:64,0
DA:76,1
DA:78,1
DA:79,1
DA:83,1
DA:85,3
DA:86,1
DA:87,1
DA:88,1
DA:89,4
DA:91,2
DA:92,1
DA:94,0
DA:96,1
DA:98,1
DA:99,1
DA:100,1
DA:101,1
DA:103,2
DA:110,1
DA:111,1
DA:112,1
DA:114,1
DA:116,1
DA:118,1
DA:119,1
DA:120,3
DA:121,1
DA:123,1
DA:124,0
DA:125,0
DA:126,0
DA:127,0
DA:129,0
DA:130,0
DA:134,0
DA:136,0
DA:143,0
DA:144,0
DA:145,0
DA:151,0
DA:158,0
DA:159,0
DA:160,0
DA:161,0
DA:163,0
DA:165,0
DA:166,0
DA:167,0
DA:172,0
DA:173,0
DA:174,0
DA:177,1
DA:179,1
DA:180,2
DA:181,1
DA:182,1
DA:183,1
DA:187,1
DA:188,4
DA:190,1
DA:191,1
DA:192,3
DA:194,1
DA:195,1
DA:196,1
DA:197,4
DA:199,2
DA:205,5
DA:208,1
DA:209,1
DA:210,1
DA:211,4
DA:213,1
DA:214,1
DA:215,4
DA:217,1
DA:218,1
DA:220,1
DA:222,1
DA:223,3
DA:225,1
DA:226,1
DA:228,1
DA:230,1
DA:231,1
DA:232,4
DA:233,1
DA:235,1
DA:236,1
DA:238,1
DA:240,4
DA:241,1
DA:242,1
DA:243,1
DA:244,1
DA:245,1
DA:247,1
DA:248,0
DA:251,0
DA:254,0
DA:255,0
DA:260,1
DA:262,2
DA:264,1
DA:265,1
DA:267,1
DA:269,0
DA:271,0
DA:277,4
DA:280,0
DA:283,1
DA:284,1
DA:286,1
DA:288,1
DA:290,1
DA:291,1
DA:292,0
DA:293,0
DA:296,1
DA:297,1
DA:298,1
DA:300,1
DA:302,1
DA:304,1
DA:305,1
DA:307,1
DA:308,0
DA:309,0
DA:313,0
DA:316,1
DA:317,1
DA:318,1
DA:320,1
DA:322,2
DA:323,1
DA:324,1
DA:326,1
DA:329,0
DA:330,0
DA:336,1
DA:340,0
DA:341,0
DA:343,0
DA:351,1
DA:353,1
DA:368,1
DA:370,1
DA:373,1
DA:374,1
DA:375,0
DA:376,0
DA:385,1
DA:387,2
DA:388,3
DA:391,1
DA:395,3
DA:398,0
DA:399,0
DA:400,0
DA:402,0
DA:403,0
DA:405,0
DA:409,1
DA:410,2
LF:194
LH:142
end_of_record
SF:lib\presentation\pages\top_rated_movies_page.dart
DA:9,1
DA:10,1
DA:14,1
DA:16,1
DA:17,2
DA:18,4
DA:22,1
DA:24,1
DA:25,1
DA:26,1
DA:28,1
DA:30,1
DA:31,1
DA:32,1
DA:33,1
DA:34,1
DA:36,1
DA:37,0
DA:38,0
DA:39,0
DA:40,0
DA:41,0
DA:43,0
DA:45,1
DA:46,1
DA:47,3
DA:49,0
DA:50,0
LF:28
LH:20
end_of_record
SF:lib\presentation\pages\top_rated_tv_series_page.dart
DA:9,1
DA:10,1
DA:14,1
DA:16,1
DA:17,2
DA:18,4
DA:22,1
DA:24,1
DA:25,1
DA:26,1
DA:28,1
DA:30,1
DA:31,1
DA:32,1
DA:33,1
DA:34,1
DA:36,1
DA:37,0
DA:38,0
DA:39,0
DA:40,0
DA:41,0
DA:43,0
DA:45,1
DA:46,1
DA:47,3
DA:49,0
DA:50,0
LF:28
LH:20
end_of_record
SF:lib\presentation\pages\watchlist_movies_page.dart
DA:10,1
DA:11,1
DA:16,1
DA:18,1
DA:19,2
DA:20,4
DA:24,1
DA:26,1
DA:27,4
DA:30,0
DA:31,0
DA:34,1
DA:36,1
DA:37,1
DA:38,1
DA:40,1
DA:42,1
DA:43,1
DA:44,1
DA:45,1
DA:46,1
DA:48,1
DA:49,0
DA:50,0
DA:51,0
DA:52,0
DA:53,0
DA:55,0
DA:57,1
DA:58,1
DA:59,3
DA:61,0
DA:62,0
DA:71,1
DA:73,2
DA:74,1
LF:36
LH:26
end_of_record
SF:lib\common\utils.dart
DA:3,6
LF:1
LH:1
end_of_record
SF:lib\presentation\pages\watchlist_tv_series_page.dart
DA:10,1
DA:11,1
DA:16,1
DA:18,1
DA:19,2
DA:20,4
DA:24,1
DA:26,1
DA:27,4
DA:30,0
DA:31,0
DA:34,1
DA:36,1
DA:37,1
DA:38,1
DA:40,1
DA:42,1
DA:43,1
DA:44,1
DA:45,1
DA:46,1
DA:48,1
DA:49,0
DA:50,0
DA:51,0
DA:52,0
DA:53,0
DA:55,0
DA:57,1
DA:58,1
DA:59,3
DA:61,0
DA:62,0
DA:71,1
DA:73,2
DA:74,1
LF:36
LH:26
end_of_record
